2025-11-10 15:33:47,962 - data_ingestion - ERROR - File not found: params.yaml
2025-11-10 15:33:47,963 - data_ingestion - ERROR - Failed to complete the data ingestion process: [Errno 2] No such file or directory: 'params.yaml'
2025-11-10 15:36:52,265 - data_ingestion - WARNING - params.yaml not found at D:\mlops\Mlops-complete-ml-pipeline\params.yaml; using default test_size=0.2
2025-11-10 15:36:53,184 - data_ingestion - DEBUG - Data loaded from https://raw.githubusercontent.com/vikashishere/Datasets/main/spam.csv (shape=(5572, 5))
2025-11-10 15:36:53,204 - data_ingestion - DEBUG - Data preprocessing completed (columns=['target', 'text'], shape=(5572, 2))
2025-11-10 15:36:53,208 - data_ingestion - DEBUG - Data split into train/test with test_size=0.2 (train=(4457, 2), test=(1115, 2))
2025-11-10 15:36:53,267 - data_ingestion - DEBUG - Train and test data saved to D:\mlops\Mlops-complete-ml-pipeline\data\raw
2025-11-10 15:36:53,268 - data_ingestion - INFO - Data ingestion completed successfully.
2025-11-10 16:19:07,511 - data_ingestion - DEBUG - Parameters retrieved from D:\mlops\Mlops-complete-ml-pipeline\params.yaml
2025-11-10 16:19:08,046 - data_ingestion - DEBUG - Data loaded from https://raw.githubusercontent.com/vikashishere/Datasets/main/spam.csv (shape=(5572, 5))
2025-11-10 16:19:08,051 - data_ingestion - DEBUG - Data preprocessing completed (columns=['target', 'text'], shape=(5572, 2))
2025-11-10 16:19:08,055 - data_ingestion - DEBUG - Data split into train/test with test_size=0.2 (train=(4457, 2), test=(1115, 2))
2025-11-10 16:19:08,103 - data_ingestion - DEBUG - Train and test data saved to D:\mlops\Mlops-complete-ml-pipeline\data\raw
2025-11-10 16:19:08,104 - data_ingestion - INFO - Data ingestion completed successfully.
2025-11-10 16:22:15,133 - data_ingestion - DEBUG - Parameters retrieved from D:\mlops\Mlops-complete-ml-pipeline\params.yaml
2025-11-10 16:22:15,450 - data_ingestion - DEBUG - Data loaded from https://raw.githubusercontent.com/vikashishere/Datasets/main/spam.csv (shape=(5572, 5))
2025-11-10 16:22:15,454 - data_ingestion - DEBUG - Data preprocessing completed (columns=['target', 'text'], shape=(5572, 2))
2025-11-10 16:22:15,457 - data_ingestion - DEBUG - Data split into train/test with test_size=0.2 (train=(4457, 2), test=(1115, 2))
2025-11-10 16:22:15,497 - data_ingestion - DEBUG - Train and test data saved to D:\mlops\Mlops-complete-ml-pipeline\data\raw
2025-11-10 16:22:15,497 - data_ingestion - INFO - Data ingestion completed successfully.
2025-11-11 15:56:00,396 - data_ingestion - DEBUG - Parameters retrieved from D:\mlops\Mlops-complete-ml-pipeline\params.yaml
2025-11-11 15:56:01,074 - data_ingestion - DEBUG - Data loaded from https://raw.githubusercontent.com/vikashishere/Datasets/main/spam.csv (shape=(5572, 5))
2025-11-11 15:56:01,101 - data_ingestion - DEBUG - Data preprocessing completed (columns=['target', 'text'], shape=(5572, 2))
2025-11-11 15:56:01,109 - data_ingestion - DEBUG - Data split into train/test with test_size=0.2 (train=(4457, 2), test=(1115, 2))
2025-11-11 15:56:01,177 - data_ingestion - DEBUG - Train and test data saved to D:\mlops\Mlops-complete-ml-pipeline\data\raw
2025-11-11 15:56:01,180 - data_ingestion - INFO - Data ingestion completed successfully.
2025-11-11 16:13:08,934 - data_ingestion - DEBUG - Parameters retrieved from D:\mlops\Mlops-complete-ml-pipeline\params.yaml
2025-11-11 16:13:09,441 - data_ingestion - DEBUG - Data loaded from https://raw.githubusercontent.com/vikashishere/Datasets/main/spam.csv (shape=(5572, 5))
2025-11-11 16:13:09,446 - data_ingestion - DEBUG - Data preprocessing completed (columns=['target', 'text'], shape=(5572, 2))
2025-11-11 16:13:09,454 - data_ingestion - DEBUG - Data split into train/test with test_size=0.1 (train=(5014, 2), test=(558, 2))
2025-11-11 16:13:09,529 - data_ingestion - DEBUG - Train and test data saved to D:\mlops\Mlops-complete-ml-pipeline\data\raw
2025-11-11 16:13:09,530 - data_ingestion - INFO - Data ingestion completed successfully.
